Dakota version 6.9 released Jul 18 2019.
Repository revision 32b6d4be (2018-11-12) built Jul 18 2019 20:00:20.
Running serial Dakota executable in serial mode.
Start time: Thu Jul 25 20:35:51 2019

-----------------------
Begin DAKOTA input file
dakota.in
-----------------------
environment
tabular_data
tabular_data_file = 'dakotaTab.out'

method
sampling,
samples=4
seed=1,
sample_type random


variables,
normal_uncertain = 3
means = 6.0 1.0 1.0 
std_deviations = 0.33334 0.1 0.1 
descriptors = 'height' 'kFactor' 'dampFactor' 


interface,
fork asynch evaluation_concurrency = 4
analysis_driver = 'workflow_driver' 
parameters_file = 'params.in' 
results_file = 'results.out' 
work_directory directory_tag 
copy_files = 'templatedir/*' 
named 'workdir' file_save directory_save
aprepro 

responses, 
response_functions = 6
response_descriptors = '1-PFA-1-1' '1-PFA-2-1' '1-PFA-3-1' '1-PID-1-1' '1-PID-2-1' '1-RD-3-1' 
no_gradients
no_hessians

---------------------
End DAKOTA input file
---------------------

Using Dakota input file 'dakota.in'
Writing new restart file 'dakota.rst'.

>>>>> Executing environment.

>>>>> Running random_sampling iterator.

NonD random Samples = 4 Seed (user-specified) = 1

---------------------
Begin Evaluation    1
---------------------
Parameters for evaluation 1:
                      6.4983805531e+00 height
                      9.4822964806e-01 kFactor
                      8.6735092276e-01 dampFactor

(Asynchronous job 1 added to queue)

---------------------
Begin Evaluation    2
---------------------
Parameters for evaluation 2:
                      6.9228734163e+00 height
                      8.8646982061e-01 kFactor
                      9.2810600811e-01 dampFactor

(Asynchronous job 2 added to queue)

---------------------
Begin Evaluation    3
---------------------
Parameters for evaluation 3:
                      6.1946057991e+00 height
                      1.3102495155e+00 kFactor
                      9.7377924804e-01 dampFactor

(Asynchronous job 3 added to queue)

---------------------
Begin Evaluation    4
---------------------
Parameters for evaluation 4:
                      5.9301593190e+00 height
                      6.3150659307e-01 kFactor
                      8.9495511117e-01 dampFactor

(Asynchronous job 4 added to queue)

Blocking synchronize of 4 asynchronous evaluations
First pass: initiating 4 local asynchronous jobs
Initiating evaluation 1
nonblocking fork: workflow_driver params.in results.out
Initiating evaluation 2
nonblocking fork: workflow_driver params.in results.out
Initiating evaluation 3
nonblocking fork: workflow_driver params.in results.out
Initiating evaluation 4
nonblocking fork: workflow_driver params.in results.out
Waiting on completed jobs
Evaluation 3 has completed
Waiting on completed jobs
Evaluation 4 has completed
Waiting on completed jobs
Evaluation 1 has completed
Waiting on completed jobs
Evaluation 2 has completed

Active response data for evaluation 1:
Active set vector = { 1 1 1 1 1 1 }
                      1.5995000000e+00 1-PFA-1-1
                      2.9233600000e+00 1-PFA-2-1
                      2.6617000000e+00 1-PFA-3-1
                      1.0443300000e-02 1-PID-1-1
                      6.4990500000e-03 1-PID-2-1
                      3.5395600000e-03 1-RD-3-1


Active response data for evaluation 2:
Active set vector = { 1 1 1 1 1 1 }
                      1.5995000000e+00 1-PFA-1-1
                      3.4323300000e+00 1-PFA-2-1
                      2.9854900000e+00 1-PFA-3-1
                      1.2117700000e-02 1-PID-1-1
                      6.7152700000e-03 1-PID-2-1
                      2.8969200000e-03 1-RD-3-1


Active response data for evaluation 3:
Active set vector = { 1 1 1 1 1 1 }
                      1.5995000000e+00 1-PFA-1-1
                      3.5364300000e+00 1-PFA-2-1
                      3.7337200000e+00 1-PFA-3-1
                      6.5369900000e-03 1-PID-1-1
                      4.2738700000e-03 1-PID-2-1
                      9.1617100000e-05 1-RD-3-1


Active response data for evaluation 4:
Active set vector = { 1 1 1 1 1 1 }
                      1.5995000000e+00 1-PFA-1-1
                      2.1416400000e+00 1-PFA-2-1
                      2.9210600000e+00 1-PFA-3-1
                      1.7053600000e-02 1-PID-1-1
                      1.0384400000e-02 1-PID-2-1
                      6.8580700000e-04 1-RD-3-1

<<<<< Function evaluation summary: 4 total (4 new, 0 duplicate)
-----------------------------------------------------------------------------
Statistics based on 4 samples:

Sample moment statistics for each response function:
                            Mean           Std Dev          Skewness          Kurtosis
     1-PFA-1-1  1.5995000000e+00  0.0000000000e+00  0.0000000000e+00 -3.0000000000e+00
     1-PFA-2-1  3.0084400000e+00  6.3692935731e-01 -1.1056307353e+00  1.6279213709e-01
     1-PFA-3-1  3.0754925000e+00  4.6059292290e-01  1.4322399894e+00  2.6215576615e+00
     1-PID-1-1  1.1537897500e-02  4.3576126690e-03  3.3531961769e-01  8.5266598557e-01
     1-PID-2-1  6.9681475000e-03  2.5307384881e-03  8.3054659203e-01  1.8549075606e+00
      1-RD-3-1  1.8034760250e-03  1.6722492162e-03  1.8129492323e-02 -4.6927447970e+00

95% confidence intervals for each response function:
                    LowerCI_Mean      UpperCI_Mean    LowerCI_StdDev    UpperCI_StdDev
     1-PFA-1-1  1.5995000000e+00  1.5995000000e+00  0.0000000000e+00  0.0000000000e+00
     1-PFA-2-1  1.9949432601e+00  4.0219367399e+00  3.6081382284e-01  2.3748212201e+00
     1-PFA-3-1  2.3425863771e+00  3.8083986229e+00  2.6092107606e-01  1.7173424879e+00
     1-PID-1-1  4.6039633309e-03  1.8471831669e-02  2.4685420251e-03  1.6247564846e-02
     1-PID-2-1  2.9411778245e-03  1.0995117176e-02  1.4336368987e-03  9.4359780956e-03
      1-RD-3-1 -8.5744564481e-04  4.4643976948e-03  9.4731170029e-04  6.2350602596e-03


At least one correlation coefficient is nan or inf. This commonly occurs when
discrete variables (including histogram variables) are present, a response is
completely insensitive to variables (response variance equal to 0), there are
fewer samples than variables, or some samples are approximately collinear.

Simple Correlation Matrix among all inputs and outputs:
                   height      kFactor   dampFactor    1-PFA-1-1    1-PFA-2-1    1-PFA-3-1    1-PID-1-1    1-PID-2-1     1-RD-3-1 
      height  1.00000e+00 
     kFactor  1.17126e-01  1.00000e+00 
  dampFactor -7.39780e-03  6.97568e-01  1.00000e+00 
   1-PFA-1-1         -nan         -nan         -nan         -nan 
   1-PFA-2-1  6.28603e-01  8.21604e-01  6.62882e-01         -nan  1.00000e+00 
   1-PFA-3-1 -2.55316e-01  7.56822e-01  9.53060e-01         -nan  5.43639e-01  1.00000e+00 
   1-PID-1-1 -2.45607e-01 -9.81809e-01 -5.75729e-01         -nan -8.50605e-01 -6.21595e-01  1.00000e+00 
   1-PID-2-1 -3.80026e-01 -9.60629e-01 -5.97545e-01         -nan -9.20453e-01 -5.95998e-01  9.87903e-01  1.00000e+00 
    1-RD-3-1  7.57084e-01 -2.37294e-01 -6.37997e-01         -nan  1.19157e-01 -7.66433e-01  5.16804e-02 -2.33865e-02  1.00000e+00 

Partial Correlation Matrix between input and output:
                1-PFA-1-1    1-PFA-2-1    1-PFA-3-1    1-PID-1-1    1-PID-2-1     1-RD-3-1 
      height         -nan  1.00000e+00 -1.00000e+00 -1.00000e+00 -1.00000e+00  1.00000e+00 
     kFactor         -nan  1.00000e+00  1.00000e+00 -1.00000e+00 -1.00000e+00  1.00000e+00 
  dampFactor         -nan  1.00000e+00  1.00000e+00  1.00000e+00  1.00000e+00 -1.00000e+00 

Simple Rank Correlation Matrix among all inputs and outputs:
                   height      kFactor   dampFactor    1-PFA-1-1    1-PFA-2-1    1-PFA-3-1    1-PID-1-1    1-PID-2-1     1-RD-3-1 
      height  1.00000e+00 
     kFactor  2.00000e-01  1.00000e+00 
  dampFactor  0.00000e+00  4.00000e-01  1.00000e+00 
   1-PFA-1-1         -nan         -nan         -nan         -nan 
   1-PFA-2-1  4.00000e-01  8.00000e-01  8.00000e-01         -nan  1.00000e+00 
   1-PFA-3-1  0.00000e+00  4.00000e-01  1.00000e+00         -nan  8.00000e-01  1.00000e+00 
   1-PID-1-1 -2.00000e-01 -1.00000e+00 -4.00000e-01         -nan -8.00000e-01 -4.00000e-01  1.00000e+00 
   1-PID-2-1 -2.00000e-01 -1.00000e+00 -4.00000e-01         -nan -8.00000e-01 -4.00000e-01  1.00000e+00  1.00000e+00 
    1-RD-3-1  6.00000e-01 -2.00000e-01 -8.00000e-01         -nan -4.00000e-01 -8.00000e-01  2.00000e-01  2.00000e-01  1.00000e+00 

Partial Rank Correlation Matrix between input and output:
                1-PFA-1-1    1-PFA-2-1    1-PFA-3-1    1-PID-1-1    1-PID-2-1     1-RD-3-1 
      height         -nan  1.00000e+00         -nan         -nan         -nan  1.00000e+00 
     kFactor         -nan  1.00000e+00         -nan -1.00000e+00 -1.00000e+00         -inf 
  dampFactor         -nan  1.00000e+00  1.00000e+00         -nan         -nan -1.00000e+00 

-----------------------------------------------------------------------------

<<<<< Iterator random_sampling completed.
<<<<< Environment execution completed.
DAKOTA execution time in seconds:
  Total CPU        =   0.024307 [parent =   0.024302, child =      5e-06]
  Total wall clock =    2.99515
